[2014-10-27 09:39:25.419,Pyro4,INFO] Pyro log configured using built-in defaults, level=DEBUG
[2014-10-27 09:39:25.473,Pyro4.core,DEBUG] exposing all members of <class 'Pyro4.core.DaemonObject'>
[2014-10-27 09:39:26.975,Pyro4.threadpoolserver,INFO] starting thread pool socketserver
[2014-10-27 09:39:26.980,Pyro4.threadpool,DEBUG] worker pool of size 16 created
[2014-10-27 09:39:26.981,Pyro4.core,DEBUG] created daemon on 0.0.0.0:9090
[2014-10-27 09:39:26.981,Pyro4.core,DEBUG] accepted serializers: {'serpent', 'json', 'marshal'}
[2014-10-27 09:39:26.981,Pyro4.naming,INFO] nameserver daemon created
[2014-10-27 09:39:26.981,Pyro4.naming,INFO] ns broadcast server created on 0.0.0.0:9091
[2014-10-27 09:39:26.982,Pyro4.naming,DEBUG] broadcast server loop running in own thread
[2014-10-27 09:39:26.982,Pyro4.core,INFO] daemon 0.0.0.0:9090 entering requestloop
[2014-10-27 09:39:26.982,Pyro4.threadpoolserver,DEBUG] threadpool server requestloop
[2014-10-27 09:39:54.531,paramiko.transport,DEBUG] starting thread (client mode): 0x4ae47f0
[2014-10-27 09:39:54.543,paramiko.transport,INFO] Connected (version 2.0, client OpenSSH_6.2)
[2014-10-27 09:39:54.545,paramiko.transport,DEBUG] kex algos:['diffie-hellman-group-exchange-sha256', 'diffie-hellman-group-exchange-sha1', 'diffie-hellman-group14-sha1', 'diffie-hellman-group1-sha1'] server key:['ssh-rsa', 'ssh-dss'] client encrypt:['aes128-ctr', 'aes192-ctr', 'aes256-ctr', 'arcfour256', 'arcfour128', 'aes128-gcm@openssh.com', 'aes256-gcm@openssh.com', 'aes128-cbc', '3des-cbc', 'blowfish-cbc', 'cast128-cbc', 'aes192-cbc', 'aes256-cbc', 'arcfour', 'rijndael-cbc@lysator.liu.se'] server encrypt:['aes128-ctr', 'aes192-ctr', 'aes256-ctr', 'arcfour256', 'arcfour128', 'aes128-gcm@openssh.com', 'aes256-gcm@openssh.com', 'aes128-cbc', '3des-cbc', 'blowfish-cbc', 'cast128-cbc', 'aes192-cbc', 'aes256-cbc', 'arcfour', 'rijndael-cbc@lysator.liu.se'] client mac:['hmac-md5-etm@openssh.com', 'hmac-sha1-etm@openssh.com', 'umac-64-etm@openssh.com', 'umac-128-etm@openssh.com', 'hmac-sha2-256-etm@openssh.com', 'hmac-sha2-512-etm@openssh.com', 'hmac-ripemd160-etm@openssh.com', 'hmac-sha1-96-etm@openssh.com', 'hmac-md5-96-etm@openssh.com', 'hmac-md5', 'hmac-sha1', 'umac-64@openssh.com', 'umac-128@openssh.com', 'hmac-sha2-256', 'hmac-sha2-512', 'hmac-ripemd160', 'hmac-ripemd160@openssh.com', 'hmac-sha1-96', 'hmac-md5-96'] server mac:['hmac-md5-etm@openssh.com', 'hmac-sha1-etm@openssh.com', 'umac-64-etm@openssh.com', 'umac-128-etm@openssh.com', 'hmac-sha2-256-etm@openssh.com', 'hmac-sha2-512-etm@openssh.com', 'hmac-ripemd160-etm@openssh.com', 'hmac-sha1-96-etm@openssh.com', 'hmac-md5-96-etm@openssh.com', 'hmac-md5', 'hmac-sha1', 'umac-64@openssh.com', 'umac-128@openssh.com', 'hmac-sha2-256', 'hmac-sha2-512', 'hmac-ripemd160', 'hmac-ripemd160@openssh.com', 'hmac-sha1-96', 'hmac-md5-96'] client compress:['none', 'zlib@openssh.com'] server compress:['none', 'zlib@openssh.com'] client lang:[''] server lang:[''] kex follows?False
[2014-10-27 09:39:54.545,paramiko.transport,DEBUG] Ciphers agreed: local=aes128-ctr, remote=aes128-ctr
[2014-10-27 09:39:54.545,paramiko.transport,DEBUG] using kex diffie-hellman-group14-sha1; server key type ssh-rsa; cipher: local aes128-ctr, remote aes128-ctr; mac: local hmac-sha1, remote hmac-sha1; compression: local none, remote none
[2014-10-27 09:39:54.594,paramiko.transport,DEBUG] Switch to new keys ...
[2014-10-27 09:39:54.594,paramiko.transport,DEBUG] Adding ssh-rsa host key for MacBook-Pro-di-Francesco.local: b'eec77c5b0a946fabeec6cdccccba8663'
[2014-10-27 09:39:54.595,paramiko.transport,DEBUG] userauth is OK
[2014-10-27 09:39:54.597,paramiko.transport,DEBUG] Authentication type (password) not permitted.
[2014-10-27 09:39:54.597,paramiko.transport,DEBUG] Allowed methods: ['publickey', 'keyboard-interactive']
[2014-10-27 09:39:54.598,paramiko.transport,DEBUG] userauth is OK
[2014-10-27 09:39:54.719,paramiko.transport,INFO] Authentication (keyboard-interactive) successful!
[2014-10-27 09:39:54.720,paramiko.transport,DEBUG] [chan 1] Max packet in: 32768 bytes
[2014-10-27 09:39:54.737,paramiko.transport,DEBUG] [chan 1] Max packet out: 32768 bytes
[2014-10-27 09:39:54.737,paramiko.transport,DEBUG] Secsh channel 1 opened.
[2014-10-27 09:39:54.738,paramiko.transport,DEBUG] [chan 1] Sesch channel 1 request ok
[2014-10-27 09:39:54.745,paramiko.transport.sftp,INFO] [chan 1] Opened sftp connection (server version 3)
[2014-10-27 09:39:54.745,paramiko.transport.sftp,DEBUG] [chan 1] open(b'./splitted_file_0.txt', 'wb')
[2014-10-27 09:39:54.746,paramiko.transport.sftp,DEBUG] [chan 1] open(b'./splitted_file_0.txt', 'wb') -> b'00000000'
[2014-10-27 09:39:54.746,paramiko.transport.sftp,DEBUG] [chan 1] close(b'00000000')
[2014-10-27 09:39:54.747,paramiko.transport.sftp,DEBUG] [chan 1] stat(b'./splitted_file_0.txt')
[2014-10-27 09:39:54.748,paramiko.transport.sftp,DEBUG] [chan 1] open(b'./text_analyzer.py', 'wb')
[2014-10-27 09:39:54.748,paramiko.transport.sftp,DEBUG] [chan 1] open(b'./text_analyzer.py', 'wb') -> b'00000000'
[2014-10-27 09:39:54.748,paramiko.transport.sftp,DEBUG] [chan 1] close(b'00000000')
[2014-10-27 09:39:54.749,paramiko.transport.sftp,DEBUG] [chan 1] stat(b'./text_analyzer.py')
[2014-10-27 09:39:54.750,paramiko.transport.sftp,DEBUG] [chan 1] open(b'./Pyro4.zip', 'wb')
[2014-10-27 09:39:54.750,paramiko.transport.sftp,DEBUG] [chan 1] open(b'./Pyro4.zip', 'wb') -> b'00000000'
[2014-10-27 09:39:54.756,paramiko.transport.sftp,DEBUG] [chan 1] close(b'00000000')
[2014-10-27 09:39:54.757,paramiko.transport.sftp,DEBUG] [chan 1] stat(b'./Pyro4.zip')
[2014-10-27 09:39:54.758,paramiko.transport,DEBUG] [chan 2] Max packet in: 32768 bytes
[2014-10-27 09:39:54.758,paramiko.transport,DEBUG] [chan 2] Max packet out: 32768 bytes
[2014-10-27 09:39:54.758,paramiko.transport,DEBUG] Secsh channel 2 opened.
[2014-10-27 09:39:54.759,paramiko.transport,DEBUG] [chan 2] Sesch channel 2 request ok
[2014-10-27 09:39:54.779,paramiko.transport,DEBUG] [chan 2] EOF received (2)
[2014-10-27 09:39:54.779,paramiko.transport,DEBUG] [chan 2] EOF sent (2)
[2014-10-27 09:39:55.005,paramiko.transport,DEBUG] starting thread (client mode): 0x4af5da0
[2014-10-27 09:39:55.016,paramiko.transport,INFO] Connected (version 2.0, client OpenSSH_6.2)
[2014-10-27 09:39:55.018,paramiko.transport,DEBUG] kex algos:['diffie-hellman-group-exchange-sha256', 'diffie-hellman-group-exchange-sha1', 'diffie-hellman-group14-sha1', 'diffie-hellman-group1-sha1'] server key:['ssh-rsa', 'ssh-dss'] client encrypt:['aes128-ctr', 'aes192-ctr', 'aes256-ctr', 'arcfour256', 'arcfour128', 'aes128-gcm@openssh.com', 'aes256-gcm@openssh.com', 'aes128-cbc', '3des-cbc', 'blowfish-cbc', 'cast128-cbc', 'aes192-cbc', 'aes256-cbc', 'arcfour', 'rijndael-cbc@lysator.liu.se'] server encrypt:['aes128-ctr', 'aes192-ctr', 'aes256-ctr', 'arcfour256', 'arcfour128', 'aes128-gcm@openssh.com', 'aes256-gcm@openssh.com', 'aes128-cbc', '3des-cbc', 'blowfish-cbc', 'cast128-cbc', 'aes192-cbc', 'aes256-cbc', 'arcfour', 'rijndael-cbc@lysator.liu.se'] client mac:['hmac-md5-etm@openssh.com', 'hmac-sha1-etm@openssh.com', 'umac-64-etm@openssh.com', 'umac-128-etm@openssh.com', 'hmac-sha2-256-etm@openssh.com', 'hmac-sha2-512-etm@openssh.com', 'hmac-ripemd160-etm@openssh.com', 'hmac-sha1-96-etm@openssh.com', 'hmac-md5-96-etm@openssh.com', 'hmac-md5', 'hmac-sha1', 'umac-64@openssh.com', 'umac-128@openssh.com', 'hmac-sha2-256', 'hmac-sha2-512', 'hmac-ripemd160', 'hmac-ripemd160@openssh.com', 'hmac-sha1-96', 'hmac-md5-96'] server mac:['hmac-md5-etm@openssh.com', 'hmac-sha1-etm@openssh.com', 'umac-64-etm@openssh.com', 'umac-128-etm@openssh.com', 'hmac-sha2-256-etm@openssh.com', 'hmac-sha2-512-etm@openssh.com', 'hmac-ripemd160-etm@openssh.com', 'hmac-sha1-96-etm@openssh.com', 'hmac-md5-96-etm@openssh.com', 'hmac-md5', 'hmac-sha1', 'umac-64@openssh.com', 'umac-128@openssh.com', 'hmac-sha2-256', 'hmac-sha2-512', 'hmac-ripemd160', 'hmac-ripemd160@openssh.com', 'hmac-sha1-96', 'hmac-md5-96'] client compress:['none', 'zlib@openssh.com'] server compress:['none', 'zlib@openssh.com'] client lang:[''] server lang:[''] kex follows?False
[2014-10-27 09:39:55.019,paramiko.transport,DEBUG] Ciphers agreed: local=aes128-ctr, remote=aes128-ctr
[2014-10-27 09:39:55.019,paramiko.transport,DEBUG] using kex diffie-hellman-group14-sha1; server key type ssh-rsa; cipher: local aes128-ctr, remote aes128-ctr; mac: local hmac-sha1, remote hmac-sha1; compression: local none, remote none
[2014-10-27 09:39:55.070,paramiko.transport,DEBUG] Switch to new keys ...
[2014-10-27 09:39:55.071,paramiko.transport,DEBUG] Adding ssh-rsa host key for MacBook-Pro-di-Francesco.local: b'eec77c5b0a946fabeec6cdccccba8663'
[2014-10-27 09:39:55.072,paramiko.transport,DEBUG] userauth is OK
[2014-10-27 09:39:55.074,paramiko.transport,DEBUG] Authentication type (password) not permitted.
[2014-10-27 09:39:55.074,paramiko.transport,DEBUG] Allowed methods: ['publickey', 'keyboard-interactive']
[2014-10-27 09:39:55.074,paramiko.transport,DEBUG] userauth is OK
[2014-10-27 09:39:55.200,paramiko.transport,INFO] Authentication (keyboard-interactive) successful!
[2014-10-27 09:39:55.200,paramiko.transport,DEBUG] [chan 1] Max packet in: 32768 bytes
[2014-10-27 09:39:55.217,paramiko.transport,DEBUG] [chan 1] Max packet out: 32768 bytes
[2014-10-27 09:39:55.217,paramiko.transport,DEBUG] Secsh channel 1 opened.
[2014-10-27 09:39:55.219,paramiko.transport,DEBUG] [chan 1] Sesch channel 1 request ok
[2014-10-27 09:39:55.227,paramiko.transport.sftp,INFO] [chan 1] Opened sftp connection (server version 3)
[2014-10-27 09:39:55.227,paramiko.transport.sftp,DEBUG] [chan 1] open(b'./splitted_file_1.txt', 'wb')
[2014-10-27 09:39:55.228,paramiko.transport.sftp,DEBUG] [chan 1] open(b'./splitted_file_1.txt', 'wb') -> b'00000000'
[2014-10-27 09:39:55.229,paramiko.transport.sftp,DEBUG] [chan 1] close(b'00000000')
[2014-10-27 09:39:55.230,paramiko.transport.sftp,DEBUG] [chan 1] stat(b'./splitted_file_1.txt')
[2014-10-27 09:39:55.230,paramiko.transport.sftp,DEBUG] [chan 1] open(b'./text_analyzer.py', 'wb')
[2014-10-27 09:39:55.231,paramiko.transport.sftp,DEBUG] [chan 1] open(b'./text_analyzer.py', 'wb') -> b'00000000'
[2014-10-27 09:39:55.231,paramiko.transport.sftp,DEBUG] [chan 1] close(b'00000000')
[2014-10-27 09:39:55.232,paramiko.transport.sftp,DEBUG] [chan 1] stat(b'./text_analyzer.py')
[2014-10-27 09:39:55.232,paramiko.transport.sftp,DEBUG] [chan 1] open(b'./Pyro4.zip', 'wb')
[2014-10-27 09:39:55.233,paramiko.transport.sftp,DEBUG] [chan 1] open(b'./Pyro4.zip', 'wb') -> b'00000000'
[2014-10-27 09:39:55.241,paramiko.transport.sftp,DEBUG] [chan 1] close(b'00000000')
[2014-10-27 09:39:55.242,paramiko.transport.sftp,DEBUG] [chan 1] stat(b'./Pyro4.zip')
[2014-10-27 09:39:55.243,paramiko.transport,DEBUG] [chan 2] Max packet in: 32768 bytes
[2014-10-27 09:39:55.243,paramiko.transport,DEBUG] [chan 2] Max packet out: 32768 bytes
[2014-10-27 09:39:55.244,paramiko.transport,DEBUG] Secsh channel 2 opened.
[2014-10-27 09:39:55.245,paramiko.transport,DEBUG] [chan 2] Sesch channel 2 request ok
[2014-10-27 09:39:55.268,paramiko.transport,DEBUG] [chan 2] EOF received (2)
[2014-10-27 09:39:55.268,paramiko.transport,DEBUG] [chan 2] EOF sent (2)
[2014-10-27 09:39:56.006,paramiko.transport,DEBUG] starting thread (client mode): 0x4911b70
[2014-10-27 09:39:56.017,paramiko.transport,INFO] Connected (version 2.0, client OpenSSH_6.2)
[2014-10-27 09:39:56.020,paramiko.transport,DEBUG] kex algos:['diffie-hellman-group-exchange-sha256', 'diffie-hellman-group-exchange-sha1', 'diffie-hellman-group14-sha1', 'diffie-hellman-group1-sha1'] server key:['ssh-rsa', 'ssh-dss'] client encrypt:['aes128-ctr', 'aes192-ctr', 'aes256-ctr', 'arcfour256', 'arcfour128', 'aes128-gcm@openssh.com', 'aes256-gcm@openssh.com', 'aes128-cbc', '3des-cbc', 'blowfish-cbc', 'cast128-cbc', 'aes192-cbc', 'aes256-cbc', 'arcfour', 'rijndael-cbc@lysator.liu.se'] server encrypt:['aes128-ctr', 'aes192-ctr', 'aes256-ctr', 'arcfour256', 'arcfour128', 'aes128-gcm@openssh.com', 'aes256-gcm@openssh.com', 'aes128-cbc', '3des-cbc', 'blowfish-cbc', 'cast128-cbc', 'aes192-cbc', 'aes256-cbc', 'arcfour', 'rijndael-cbc@lysator.liu.se'] client mac:['hmac-md5-etm@openssh.com', 'hmac-sha1-etm@openssh.com', 'umac-64-etm@openssh.com', 'umac-128-etm@openssh.com', 'hmac-sha2-256-etm@openssh.com', 'hmac-sha2-512-etm@openssh.com', 'hmac-ripemd160-etm@openssh.com', 'hmac-sha1-96-etm@openssh.com', 'hmac-md5-96-etm@openssh.com', 'hmac-md5', 'hmac-sha1', 'umac-64@openssh.com', 'umac-128@openssh.com', 'hmac-sha2-256', 'hmac-sha2-512', 'hmac-ripemd160', 'hmac-ripemd160@openssh.com', 'hmac-sha1-96', 'hmac-md5-96'] server mac:['hmac-md5-etm@openssh.com', 'hmac-sha1-etm@openssh.com', 'umac-64-etm@openssh.com', 'umac-128-etm@openssh.com', 'hmac-sha2-256-etm@openssh.com', 'hmac-sha2-512-etm@openssh.com', 'hmac-ripemd160-etm@openssh.com', 'hmac-sha1-96-etm@openssh.com', 'hmac-md5-96-etm@openssh.com', 'hmac-md5', 'hmac-sha1', 'umac-64@openssh.com', 'umac-128@openssh.com', 'hmac-sha2-256', 'hmac-sha2-512', 'hmac-ripemd160', 'hmac-ripemd160@openssh.com', 'hmac-sha1-96', 'hmac-md5-96'] client compress:['none', 'zlib@openssh.com'] server compress:['none', 'zlib@openssh.com'] client lang:[''] server lang:[''] kex follows?False
[2014-10-27 09:39:56.020,paramiko.transport,DEBUG] Ciphers agreed: local=aes128-ctr, remote=aes128-ctr
[2014-10-27 09:39:56.020,paramiko.transport,DEBUG] using kex diffie-hellman-group14-sha1; server key type ssh-rsa; cipher: local aes128-ctr, remote aes128-ctr; mac: local hmac-sha1, remote hmac-sha1; compression: local none, remote none
[2014-10-27 09:39:56.070,paramiko.transport,DEBUG] Switch to new keys ...
[2014-10-27 09:39:56.071,paramiko.transport,DEBUG] Adding ssh-rsa host key for MacBook-Pro-di-Francesco.local: b'eec77c5b0a946fabeec6cdccccba8663'
[2014-10-27 09:39:56.071,paramiko.transport,DEBUG] userauth is OK
[2014-10-27 09:39:56.073,paramiko.transport,DEBUG] Authentication type (password) not permitted.
[2014-10-27 09:39:56.073,paramiko.transport,DEBUG] Allowed methods: ['publickey', 'keyboard-interactive']
[2014-10-27 09:39:56.074,paramiko.transport,DEBUG] userauth is OK
[2014-10-27 09:39:56.200,paramiko.transport,INFO] Authentication (keyboard-interactive) successful!
[2014-10-27 09:39:56.200,paramiko.transport,DEBUG] [chan 1] Max packet in: 32768 bytes
[2014-10-27 09:39:56.218,paramiko.transport,DEBUG] [chan 1] Max packet out: 32768 bytes
[2014-10-27 09:39:56.218,paramiko.transport,DEBUG] Secsh channel 1 opened.
[2014-10-27 09:39:56.219,paramiko.transport,DEBUG] [chan 1] Sesch channel 1 request ok
[2014-10-27 09:39:56.227,paramiko.transport.sftp,INFO] [chan 1] Opened sftp connection (server version 3)
[2014-10-27 09:39:56.227,paramiko.transport.sftp,DEBUG] [chan 1] open(b'./splitted_file_2.txt', 'wb')
[2014-10-27 09:39:56.228,paramiko.transport.sftp,DEBUG] [chan 1] open(b'./splitted_file_2.txt', 'wb') -> b'00000000'
[2014-10-27 09:39:56.229,paramiko.transport.sftp,DEBUG] [chan 1] close(b'00000000')
[2014-10-27 09:39:56.230,paramiko.transport.sftp,DEBUG] [chan 1] stat(b'./splitted_file_2.txt')
[2014-10-27 09:39:56.231,paramiko.transport.sftp,DEBUG] [chan 1] open(b'./text_analyzer.py', 'wb')
[2014-10-27 09:39:56.231,paramiko.transport.sftp,DEBUG] [chan 1] open(b'./text_analyzer.py', 'wb') -> b'00000000'
[2014-10-27 09:39:56.232,paramiko.transport.sftp,DEBUG] [chan 1] close(b'00000000')
[2014-10-27 09:39:56.232,paramiko.transport.sftp,DEBUG] [chan 1] stat(b'./text_analyzer.py')
[2014-10-27 09:39:56.233,paramiko.transport.sftp,DEBUG] [chan 1] open(b'./Pyro4.zip', 'wb')
[2014-10-27 09:39:56.234,paramiko.transport.sftp,DEBUG] [chan 1] open(b'./Pyro4.zip', 'wb') -> b'00000000'
[2014-10-27 09:39:56.243,paramiko.transport.sftp,DEBUG] [chan 1] close(b'00000000')
[2014-10-27 09:39:56.244,paramiko.transport.sftp,DEBUG] [chan 1] stat(b'./Pyro4.zip')
[2014-10-27 09:39:56.245,paramiko.transport,DEBUG] [chan 2] Max packet in: 32768 bytes
[2014-10-27 09:39:56.245,paramiko.transport,DEBUG] [chan 2] Max packet out: 32768 bytes
[2014-10-27 09:39:56.245,paramiko.transport,DEBUG] Secsh channel 2 opened.
[2014-10-27 09:39:56.246,paramiko.transport,DEBUG] [chan 2] Sesch channel 2 request ok
[2014-10-27 09:39:56.275,paramiko.transport,DEBUG] [chan 2] EOF received (2)
[2014-10-27 09:39:56.275,paramiko.transport,DEBUG] [chan 2] EOF sent (2)
[2014-10-27 09:39:57.763,paramiko.transport,DEBUG] [chan 3] Max packet in: 32768 bytes
[2014-10-27 09:39:57.764,paramiko.transport,DEBUG] [chan 3] Max packet out: 32768 bytes
[2014-10-27 09:39:57.764,paramiko.transport,DEBUG] Secsh channel 3 opened.
[2014-10-27 09:39:57.770,paramiko.transport,DEBUG] [chan 3] Sesch channel 3 request ok
[2014-10-27 09:39:57.771,paramiko.transport,DEBUG] [chan 3] Sesch channel 3 request ok
[2014-10-27 09:39:58.138,Pyro4.threadpoolserver,DEBUG] connected ('155.185.73.155', 49692)
[2014-10-27 09:39:58.250,paramiko.transport,DEBUG] [chan 3] Max packet in: 32768 bytes
[2014-10-27 09:39:58.251,paramiko.transport,DEBUG] [chan 3] Max packet out: 32768 bytes
[2014-10-27 09:39:58.251,paramiko.transport,DEBUG] Secsh channel 3 opened.
[2014-10-27 09:39:58.256,paramiko.transport,DEBUG] [chan 3] Sesch channel 3 request ok
[2014-10-27 09:39:58.257,paramiko.transport,DEBUG] [chan 3] Sesch channel 3 request ok
[2014-10-27 09:39:58.589,Pyro4.threadpoolserver,DEBUG] connected ('155.185.73.155', 49694)
[2014-10-27 09:39:59.251,paramiko.transport,DEBUG] [chan 3] Max packet in: 32768 bytes
[2014-10-27 09:39:59.252,paramiko.transport,DEBUG] [chan 3] Max packet out: 32768 bytes
[2014-10-27 09:39:59.252,paramiko.transport,DEBUG] Secsh channel 3 opened.
[2014-10-27 09:39:59.257,paramiko.transport,DEBUG] [chan 3] Sesch channel 3 request ok
[2014-10-27 09:39:59.258,paramiko.transport,DEBUG] [chan 3] Sesch channel 3 request ok
[2014-10-27 09:39:59.601,Pyro4.threadpoolserver,DEBUG] connected ('155.185.73.155', 49696)
[2014-10-27 09:40:00.778,Pyro4.threadpoolserver,DEBUG] disconnected ('155.185.73.155', 49692)
[2014-10-27 09:40:00.857,paramiko.transport,DEBUG] EOF in transport thread
[2014-10-27 09:40:00.857,paramiko.transport.sftp,INFO] [chan 1] sftp session closed.
[2014-10-27 09:40:01.268,Pyro4.threadpoolserver,DEBUG] disconnected ('155.185.73.155', 49694)
[2014-10-27 09:40:01.294,paramiko.transport,DEBUG] EOF in transport thread
[2014-10-27 09:40:01.294,paramiko.transport.sftp,INFO] [chan 1] sftp session closed.
[2014-10-27 09:40:02.268,Pyro4.threadpoolserver,DEBUG] disconnected ('155.185.73.155', 49696)
[2014-10-27 09:40:02.309,paramiko.transport,DEBUG] EOF in transport thread
[2014-10-27 09:40:02.309,paramiko.transport.sftp,INFO] [chan 1] sftp session closed.
[2014-10-27 09:40:05.858,Pyro4.naming,DEBUG] locating the NS: PYRO:Pyro.NameServer@localhost:9090
[2014-10-27 09:40:05.858,Pyro4.core,DEBUG] getting metadata for object Pyro.NameServer
[2014-10-27 09:40:05.858,Pyro4.core,DEBUG] connecting to PYRO:Pyro.NameServer@localhost:9090
[2014-10-27 09:40:05.860,Pyro4.threadpoolserver,DEBUG] connected ('127.0.0.1', 49698)
[2014-10-27 09:40:05.860,Pyro4.core,DEBUG] connected to PYRO:Pyro.NameServer@localhost:9090
[2014-10-27 09:40:05.860,Pyro4.core,DEBUG] getting metadata for object Pyro.NameServer
[2014-10-27 09:40:05.861,Pyro4.core,DEBUG] from meta: oneway methods=[]
[2014-10-27 09:40:05.862,Pyro4.core,DEBUG] from meta: methods=['list', 'lookup', 'ping', 'register', 'remove']
[2014-10-27 09:40:05.862,Pyro4.core,DEBUG] from meta: attributes=[]
[2014-10-27 09:40:05.862,Pyro4.naming,DEBUG] located NS
[2014-10-27 09:40:05.863,Pyro4.core,DEBUG] connection released
[2014-10-27 09:40:05.863,Pyro4.threadpoolserver,DEBUG] disconnected ('127.0.0.1', 49698)
[2014-10-27 09:40:06.297,Pyro4.naming,DEBUG] locating the NS: PYRO:Pyro.NameServer@localhost:9090
[2014-10-27 09:40:06.297,Pyro4.core,DEBUG] getting metadata for object Pyro.NameServer
[2014-10-27 09:40:06.297,Pyro4.core,DEBUG] connecting to PYRO:Pyro.NameServer@localhost:9090
[2014-10-27 09:40:06.298,Pyro4.threadpoolserver,DEBUG] connected ('127.0.0.1', 49699)
[2014-10-27 09:40:06.299,Pyro4.core,DEBUG] connected to PYRO:Pyro.NameServer@localhost:9090
[2014-10-27 09:40:06.299,Pyro4.core,DEBUG] getting metadata for object Pyro.NameServer
[2014-10-27 09:40:06.300,Pyro4.core,DEBUG] from meta: oneway methods=[]
[2014-10-27 09:40:06.300,Pyro4.core,DEBUG] from meta: methods=['list', 'lookup', 'ping', 'register', 'remove']
[2014-10-27 09:40:06.300,Pyro4.core,DEBUG] from meta: attributes=[]
[2014-10-27 09:40:06.301,Pyro4.naming,DEBUG] located NS
[2014-10-27 09:40:06.301,Pyro4.core,DEBUG] connection released
[2014-10-27 09:40:06.302,Pyro4.threadpoolserver,DEBUG] disconnected ('127.0.0.1', 49699)
[2014-10-27 09:40:07.314,Pyro4.naming,DEBUG] locating the NS: PYRO:Pyro.NameServer@localhost:9090
[2014-10-27 09:40:07.314,Pyro4.core,DEBUG] getting metadata for object Pyro.NameServer
[2014-10-27 09:40:07.314,Pyro4.core,DEBUG] connecting to PYRO:Pyro.NameServer@localhost:9090
[2014-10-27 09:40:07.316,Pyro4.threadpoolserver,DEBUG] connected ('127.0.0.1', 49700)
[2014-10-27 09:40:07.316,Pyro4.core,DEBUG] connected to PYRO:Pyro.NameServer@localhost:9090
[2014-10-27 09:40:07.316,Pyro4.core,DEBUG] getting metadata for object Pyro.NameServer
[2014-10-27 09:40:07.317,Pyro4.core,DEBUG] from meta: oneway methods=[]
[2014-10-27 09:40:07.318,Pyro4.core,DEBUG] from meta: methods=['list', 'lookup', 'ping', 'register', 'remove']
[2014-10-27 09:40:07.318,Pyro4.core,DEBUG] from meta: attributes=[]
[2014-10-27 09:40:07.318,Pyro4.naming,DEBUG] located NS
[2014-10-27 09:40:07.319,Pyro4.core,DEBUG] connection released
[2014-10-27 09:40:07.319,Pyro4.threadpoolserver,DEBUG] disconnected ('127.0.0.1', 49700)
[2014-10-27 09:40:14.363,Pyro4.core,DEBUG] getting metadata for object obj_a48560d8e1104ce3aff5db8bc8a03541
[2014-10-27 09:40:14.363,Pyro4.core,DEBUG] connecting to PYRO:obj_a48560d8e1104ce3aff5db8bc8a03541@155.185.73.155:49693
[2014-10-27 09:40:14.364,Pyro4.core,ERROR] cannot connect: [Errno 61] Connection refused
[2014-10-27 09:40:14.367,paramiko.transport,DEBUG] starting thread (client mode): 0x4911a20
[2014-10-27 09:40:14.368,paramiko.transport,DEBUG] starting thread (client mode): 0x49114e0
[2014-10-27 09:40:14.369,paramiko.transport,DEBUG] starting thread (client mode): 0x4911080
[2014-10-27 09:40:14.382,paramiko.transport,INFO] Connected (version 2.0, client OpenSSH_6.2)
[2014-10-27 09:40:14.383,paramiko.transport,INFO] Connected (version 2.0, client OpenSSH_6.2)
[2014-10-27 09:40:14.383,paramiko.transport,INFO] Connected (version 2.0, client OpenSSH_6.2)
[2014-10-27 09:40:14.385,paramiko.transport,DEBUG] kex algos:['diffie-hellman-group-exchange-sha256', 'diffie-hellman-group-exchange-sha1', 'diffie-hellman-group14-sha1', 'diffie-hellman-group1-sha1'] server key:['ssh-rsa', 'ssh-dss'] client encrypt:['aes128-ctr', 'aes192-ctr', 'aes256-ctr', 'arcfour256', 'arcfour128', 'aes128-gcm@openssh.com', 'aes256-gcm@openssh.com', 'aes128-cbc', '3des-cbc', 'blowfish-cbc', 'cast128-cbc', 'aes192-cbc', 'aes256-cbc', 'arcfour', 'rijndael-cbc@lysator.liu.se'] server encrypt:['aes128-ctr', 'aes192-ctr', 'aes256-ctr', 'arcfour256', 'arcfour128', 'aes128-gcm@openssh.com', 'aes256-gcm@openssh.com', 'aes128-cbc', '3des-cbc', 'blowfish-cbc', 'cast128-cbc', 'aes192-cbc', 'aes256-cbc', 'arcfour', 'rijndael-cbc@lysator.liu.se'] client mac:['hmac-md5-etm@openssh.com', 'hmac-sha1-etm@openssh.com', 'umac-64-etm@openssh.com', 'umac-128-etm@openssh.com', 'hmac-sha2-256-etm@openssh.com', 'hmac-sha2-512-etm@openssh.com', 'hmac-ripemd160-etm@openssh.com', 'hmac-sha1-96-etm@openssh.com', 'hmac-md5-96-etm@openssh.com', 'hmac-md5', 'hmac-sha1', 'umac-64@openssh.com', 'umac-128@openssh.com', 'hmac-sha2-256', 'hmac-sha2-512', 'hmac-ripemd160', 'hmac-ripemd160@openssh.com', 'hmac-sha1-96', 'hmac-md5-96'] server mac:['hmac-md5-etm@openssh.com', 'hmac-sha1-etm@openssh.com', 'umac-64-etm@openssh.com', 'umac-128-etm@openssh.com', 'hmac-sha2-256-etm@openssh.com', 'hmac-sha2-512-etm@openssh.com', 'hmac-ripemd160-etm@openssh.com', 'hmac-sha1-96-etm@openssh.com', 'hmac-md5-96-etm@openssh.com', 'hmac-md5', 'hmac-sha1', 'umac-64@openssh.com', 'umac-128@openssh.com', 'hmac-sha2-256', 'hmac-sha2-512', 'hmac-ripemd160', 'hmac-ripemd160@openssh.com', 'hmac-sha1-96', 'hmac-md5-96'] client compress:['none', 'zlib@openssh.com'] server compress:['none', 'zlib@openssh.com'] client lang:[''] server lang:[''] kex follows?False
[2014-10-27 09:40:14.386,paramiko.transport,DEBUG] Ciphers agreed: local=aes128-ctr, remote=aes128-ctr
[2014-10-27 09:40:14.386,paramiko.transport,DEBUG] using kex diffie-hellman-group14-sha1; server key type ssh-rsa; cipher: local aes128-ctr, remote aes128-ctr; mac: local hmac-sha1, remote hmac-sha1; compression: local none, remote none
[2014-10-27 09:40:14.402,paramiko.transport,DEBUG] kex algos:['diffie-hellman-group-exchange-sha256', 'diffie-hellman-group-exchange-sha1', 'diffie-hellman-group14-sha1', 'diffie-hellman-group1-sha1'] server key:['ssh-rsa', 'ssh-dss'] client encrypt:['aes128-ctr', 'aes192-ctr', 'aes256-ctr', 'arcfour256', 'arcfour128', 'aes128-gcm@openssh.com', 'aes256-gcm@openssh.com', 'aes128-cbc', '3des-cbc', 'blowfish-cbc', 'cast128-cbc', 'aes192-cbc', 'aes256-cbc', 'arcfour', 'rijndael-cbc@lysator.liu.se'] server encrypt:['aes128-ctr', 'aes192-ctr', 'aes256-ctr', 'arcfour256', 'arcfour128', 'aes128-gcm@openssh.com', 'aes256-gcm@openssh.com', 'aes128-cbc', '3des-cbc', 'blowfish-cbc', 'cast128-cbc', 'aes192-cbc', 'aes256-cbc', 'arcfour', 'rijndael-cbc@lysator.liu.se'] client mac:['hmac-md5-etm@openssh.com', 'hmac-sha1-etm@openssh.com', 'umac-64-etm@openssh.com', 'umac-128-etm@openssh.com', 'hmac-sha2-256-etm@openssh.com', 'hmac-sha2-512-etm@openssh.com', 'hmac-ripemd160-etm@openssh.com', 'hmac-sha1-96-etm@openssh.com', 'hmac-md5-96-etm@openssh.com', 'hmac-md5', 'hmac-sha1', 'umac-64@openssh.com', 'umac-128@openssh.com', 'hmac-sha2-256', 'hmac-sha2-512', 'hmac-ripemd160', 'hmac-ripemd160@openssh.com', 'hmac-sha1-96', 'hmac-md5-96'] server mac:['hmac-md5-etm@openssh.com', 'hmac-sha1-etm@openssh.com', 'umac-64-etm@openssh.com', 'umac-128-etm@openssh.com', 'hmac-sha2-256-etm@openssh.com', 'hmac-sha2-512-etm@openssh.com', 'hmac-ripemd160-etm@openssh.com', 'hmac-sha1-96-etm@openssh.com', 'hmac-md5-96-etm@openssh.com', 'hmac-md5', 'hmac-sha1', 'umac-64@openssh.com', 'umac-128@openssh.com', 'hmac-sha2-256', 'hmac-sha2-512', 'hmac-ripemd160', 'hmac-ripemd160@openssh.com', 'hmac-sha1-96', 'hmac-md5-96'] client compress:['none', 'zlib@openssh.com'] server compress:['none', 'zlib@openssh.com'] client lang:[''] server lang:[''] kex follows?False
[2014-10-27 09:40:14.402,paramiko.transport,DEBUG] Ciphers agreed: local=aes128-ctr, remote=aes128-ctr
[2014-10-27 09:40:14.402,paramiko.transport,DEBUG] using kex diffie-hellman-group14-sha1; server key type ssh-rsa; cipher: local aes128-ctr, remote aes128-ctr; mac: local hmac-sha1, remote hmac-sha1; compression: local none, remote none
[2014-10-27 09:40:14.417,paramiko.transport,DEBUG] kex algos:['diffie-hellman-group-exchange-sha256', 'diffie-hellman-group-exchange-sha1', 'diffie-hellman-group14-sha1', 'diffie-hellman-group1-sha1'] server key:['ssh-rsa', 'ssh-dss'] client encrypt:['aes128-ctr', 'aes192-ctr', 'aes256-ctr', 'arcfour256', 'arcfour128', 'aes128-gcm@openssh.com', 'aes256-gcm@openssh.com', 'aes128-cbc', '3des-cbc', 'blowfish-cbc', 'cast128-cbc', 'aes192-cbc', 'aes256-cbc', 'arcfour', 'rijndael-cbc@lysator.liu.se'] server encrypt:['aes128-ctr', 'aes192-ctr', 'aes256-ctr', 'arcfour256', 'arcfour128', 'aes128-gcm@openssh.com', 'aes256-gcm@openssh.com', 'aes128-cbc', '3des-cbc', 'blowfish-cbc', 'cast128-cbc', 'aes192-cbc', 'aes256-cbc', 'arcfour', 'rijndael-cbc@lysator.liu.se'] client mac:['hmac-md5-etm@openssh.com', 'hmac-sha1-etm@openssh.com', 'umac-64-etm@openssh.com', 'umac-128-etm@openssh.com', 'hmac-sha2-256-etm@openssh.com', 'hmac-sha2-512-etm@openssh.com', 'hmac-ripemd160-etm@openssh.com', 'hmac-sha1-96-etm@openssh.com', 'hmac-md5-96-etm@openssh.com', 'hmac-md5', 'hmac-sha1', 'umac-64@openssh.com', 'umac-128@openssh.com', 'hmac-sha2-256', 'hmac-sha2-512', 'hmac-ripemd160', 'hmac-ripemd160@openssh.com', 'hmac-sha1-96', 'hmac-md5-96'] server mac:['hmac-md5-etm@openssh.com', 'hmac-sha1-etm@openssh.com', 'umac-64-etm@openssh.com', 'umac-128-etm@openssh.com', 'hmac-sha2-256-etm@openssh.com', 'hmac-sha2-512-etm@openssh.com', 'hmac-ripemd160-etm@openssh.com', 'hmac-sha1-96-etm@openssh.com', 'hmac-md5-96-etm@openssh.com', 'hmac-md5', 'hmac-sha1', 'umac-64@openssh.com', 'umac-128@openssh.com', 'hmac-sha2-256', 'hmac-sha2-512', 'hmac-ripemd160', 'hmac-ripemd160@openssh.com', 'hmac-sha1-96', 'hmac-md5-96'] client compress:['none', 'zlib@openssh.com'] server compress:['none', 'zlib@openssh.com'] client lang:[''] server lang:[''] kex follows?False
[2014-10-27 09:40:14.417,paramiko.transport,DEBUG] Ciphers agreed: local=aes128-ctr, remote=aes128-ctr
[2014-10-27 09:40:14.417,paramiko.transport,DEBUG] using kex diffie-hellman-group14-sha1; server key type ssh-rsa; cipher: local aes128-ctr, remote aes128-ctr; mac: local hmac-sha1, remote hmac-sha1; compression: local none, remote none
[2014-10-27 09:40:14.453,paramiko.transport,DEBUG] Switch to new keys ...
[2014-10-27 09:40:14.473,paramiko.transport,DEBUG] Adding ssh-rsa host key for MacBook-Pro-di-Francesco.local: b'eec77c5b0a946fabeec6cdccccba8663'
[2014-10-27 09:40:14.494,paramiko.transport,DEBUG] Switch to new keys ...
[2014-10-27 09:40:14.495,paramiko.transport,DEBUG] Adding ssh-rsa host key for MacBook-Pro-di-Francesco.local: b'eec77c5b0a946fabeec6cdccccba8663'
[2014-10-27 09:40:14.497,paramiko.transport,DEBUG] Switch to new keys ...
[2014-10-27 09:40:14.497,paramiko.transport,DEBUG] userauth is OK
[2014-10-27 09:40:14.498,paramiko.transport,DEBUG] Adding ssh-rsa host key for MacBook-Pro-di-Francesco.local: b'eec77c5b0a946fabeec6cdccccba8663'
[2014-10-27 09:40:14.498,paramiko.transport,DEBUG] userauth is OK
[2014-10-27 09:40:14.499,paramiko.transport,DEBUG] Authentication type (password) not permitted.
[2014-10-27 09:40:14.500,paramiko.transport,DEBUG] userauth is OK
[2014-10-27 09:40:14.500,paramiko.transport,DEBUG] Allowed methods: ['publickey', 'keyboard-interactive']
[2014-10-27 09:40:14.501,paramiko.transport,DEBUG] userauth is OK
[2014-10-27 09:40:14.502,paramiko.transport,DEBUG] Authentication type (password) not permitted.
[2014-10-27 09:40:14.502,paramiko.transport,DEBUG] Allowed methods: ['publickey', 'keyboard-interactive']
[2014-10-27 09:40:14.503,paramiko.transport,DEBUG] Authentication type (password) not permitted.
[2014-10-27 09:40:14.503,paramiko.transport,DEBUG] Allowed methods: ['publickey', 'keyboard-interactive']
[2014-10-27 09:40:14.503,paramiko.transport,DEBUG] userauth is OK
[2014-10-27 09:40:14.504,paramiko.transport,DEBUG] userauth is OK
[2014-10-27 09:40:14.659,paramiko.transport,INFO] Authentication (keyboard-interactive) successful!
[2014-10-27 09:40:14.659,paramiko.transport,DEBUG] [chan 1] Max packet in: 32768 bytes
[2014-10-27 09:40:14.666,paramiko.transport,INFO] Authentication (keyboard-interactive) successful!
[2014-10-27 09:40:14.667,paramiko.transport,DEBUG] [chan 1] Max packet in: 32768 bytes
[2014-10-27 09:40:14.675,paramiko.transport,INFO] Authentication (keyboard-interactive) successful!
[2014-10-27 09:40:14.676,paramiko.transport,DEBUG] [chan 1] Max packet in: 32768 bytes
[2014-10-27 09:40:14.687,paramiko.transport,DEBUG] [chan 1] Max packet out: 32768 bytes
[2014-10-27 09:40:14.687,paramiko.transport,DEBUG] Secsh channel 1 opened.
[2014-10-27 09:40:14.688,paramiko.transport,DEBUG] [chan 1] Sesch channel 1 request ok
[2014-10-27 09:40:14.689,paramiko.transport,DEBUG] [chan 2] Max packet in: 32768 bytes
[2014-10-27 09:40:14.690,paramiko.transport,DEBUG] [chan 2] Max packet out: 32768 bytes
[2014-10-27 09:40:14.690,paramiko.transport,DEBUG] Secsh channel 2 opened.
[2014-10-27 09:40:14.691,paramiko.transport,DEBUG] [chan 1] EOF sent (1)
[2014-10-27 09:40:14.692,paramiko.transport,DEBUG] [chan 2] Sesch channel 2 request ok
[2014-10-27 09:40:14.692,paramiko.transport,DEBUG] [chan 3] Max packet in: 32768 bytes
[2014-10-27 09:40:14.693,paramiko.transport,DEBUG] [chan 3] Max packet out: 32768 bytes
[2014-10-27 09:40:14.693,paramiko.transport,DEBUG] Secsh channel 3 opened.
[2014-10-27 09:40:14.696,paramiko.transport,DEBUG] [chan 2] EOF sent (2)
[2014-10-27 09:40:14.696,paramiko.transport,DEBUG] [chan 3] Sesch channel 3 request ok
[2014-10-27 09:40:14.697,paramiko.transport,DEBUG] Ignoring message for dead channel 1
[2014-10-27 09:40:14.697,paramiko.transport,DEBUG] Ignoring message for dead channel 1
[2014-10-27 09:40:14.697,paramiko.transport,DEBUG] [chan 3] EOF sent (3)
[2014-10-27 09:40:14.698,paramiko.transport,DEBUG] [chan 4] Max packet in: 32768 bytes
[2014-10-27 09:40:14.699,paramiko.transport,DEBUG] [chan 4] Max packet out: 32768 bytes
[2014-10-27 09:40:14.699,paramiko.transport,DEBUG] Secsh channel 4 opened.
[2014-10-27 09:40:14.700,paramiko.transport,DEBUG] Ignoring message for dead channel 2
[2014-10-27 09:40:14.700,paramiko.transport,DEBUG] Ignoring message for dead channel 2
[2014-10-27 09:40:14.701,paramiko.transport,DEBUG] [chan 1] Max packet out: 32768 bytes
[2014-10-27 09:40:14.702,paramiko.transport,DEBUG] [chan 4] Sesch channel 4 request ok
[2014-10-27 09:40:14.702,paramiko.transport,DEBUG] Secsh channel 1 opened.
[2014-10-27 09:40:14.703,paramiko.transport,DEBUG] [chan 5] Max packet in: 32768 bytes
[2014-10-27 09:40:14.703,paramiko.transport,DEBUG] [chan 4] EOF sent (4)
[2014-10-27 09:40:14.704,paramiko.transport,DEBUG] Ignoring message for dead channel 3
[2014-10-27 09:40:14.705,paramiko.transport,DEBUG] Ignoring message for dead channel 3
[2014-10-27 09:40:14.705,paramiko.transport,DEBUG] [chan 5] Max packet out: 32768 bytes
[2014-10-27 09:40:14.705,paramiko.transport,DEBUG] Secsh channel 5 opened.
[2014-10-27 09:40:14.706,paramiko.transport,DEBUG] [chan 1] Sesch channel 1 request ok
[2014-10-27 09:40:14.708,paramiko.transport,DEBUG] [chan 2] Max packet in: 32768 bytes
[2014-10-27 09:40:14.709,paramiko.transport,DEBUG] [chan 5] Sesch channel 5 request ok
[2014-10-27 09:40:14.709,paramiko.transport,DEBUG] Ignoring message for dead channel 4
[2014-10-27 09:40:14.710,paramiko.transport,DEBUG] Ignoring message for dead channel 4
[2014-10-27 09:40:14.710,paramiko.transport,DEBUG] [chan 5] EOF sent (5)
[2014-10-27 09:40:14.711,paramiko.transport,DEBUG] [chan 2] Max packet out: 32768 bytes
[2014-10-27 09:40:14.711,paramiko.transport,DEBUG] [chan 1] Max packet out: 32768 bytes
[2014-10-27 09:40:14.711,paramiko.transport,DEBUG] Secsh channel 1 opened.
[2014-10-27 09:40:14.711,paramiko.transport,DEBUG] Secsh channel 2 opened.
[2014-10-27 09:40:14.713,paramiko.transport,DEBUG] [chan 1] EOF received (1)
[2014-10-27 09:40:14.714,paramiko.transport,DEBUG] Ignoring message for dead channel 5
[2014-10-27 09:40:14.714,paramiko.transport,DEBUG] [chan 1] Sesch channel 1 request ok
[2014-10-27 09:40:14.715,paramiko.transport,DEBUG] Ignoring message for dead channel 5
[2014-10-27 09:40:14.715,paramiko.transport,DEBUG] [chan 2] Max packet in: 32768 bytes
[2014-10-27 09:40:14.715,paramiko.transport,DEBUG] [chan 1] EOF sent (1)
[2014-10-27 09:40:14.716,paramiko.transport,DEBUG] [chan 2] Max packet out: 32768 bytes
[2014-10-27 09:40:14.716,paramiko.transport,DEBUG] Secsh channel 2 opened.
[2014-10-27 09:40:14.718,paramiko.transport,DEBUG] [chan 1] EOF sent (1)
[2014-10-27 09:40:14.718,paramiko.transport,DEBUG] [chan 2] Sesch channel 2 request ok
[2014-10-27 09:40:14.719,paramiko.transport,DEBUG] [chan 3] Max packet in: 32768 bytes
[2014-10-27 09:40:14.719,paramiko.transport,DEBUG] [chan 2] Sesch channel 2 request ok
[2014-10-27 09:40:14.719,paramiko.transport,DEBUG] [chan 3] Max packet in: 32768 bytes
[2014-10-27 09:40:14.720,paramiko.transport,DEBUG] [chan 2] EOF sent (2)
[2014-10-27 09:40:14.720,paramiko.transport,DEBUG] [chan 2] EOF received (2)
[2014-10-27 09:40:14.721,paramiko.transport,DEBUG] Ignoring message for dead channel 1
[2014-10-27 09:40:14.721,paramiko.transport,DEBUG] [chan 2] EOF sent (2)
[2014-10-27 09:40:14.721,paramiko.transport,DEBUG] Ignoring message for dead channel 1
[2014-10-27 09:40:14.722,paramiko.transport,DEBUG] Ignoring message for dead channel 1
[2014-10-27 09:40:14.722,paramiko.transport,DEBUG] [chan 3] Max packet out: 32768 bytes
[2014-10-27 09:40:14.722,paramiko.transport,DEBUG] Secsh channel 3 opened.
[2014-10-27 09:40:14.722,paramiko.transport,DEBUG] Ignoring message for dead channel 1
[2014-10-27 09:40:14.723,paramiko.transport,DEBUG] [chan 3] Max packet out: 32768 bytes
[2014-10-27 09:40:14.723,paramiko.transport,DEBUG] Secsh channel 3 opened.
[2014-10-27 09:40:14.724,paramiko.transport,DEBUG] Ignoring message for dead channel 2
[2014-10-27 09:40:14.724,paramiko.transport,DEBUG] [chan 3] Sesch channel 3 request ok
[2014-10-27 09:40:14.725,paramiko.transport,DEBUG] Ignoring message for dead channel 2
[2014-10-27 09:40:14.725,paramiko.transport,DEBUG] [chan 4] Max packet in: 32768 bytes
[2014-10-27 09:40:14.726,paramiko.transport,DEBUG] [chan 4] Max packet out: 32768 bytes
[2014-10-27 09:40:14.726,paramiko.transport,DEBUG] Secsh channel 4 opened.
[2014-10-27 09:40:14.726,paramiko.transport,DEBUG] [chan 3] Sesch channel 3 request ok
[2014-10-27 09:40:14.727,paramiko.transport,DEBUG] [chan 4] Max packet in: 32768 bytes
[2014-10-27 09:40:14.728,paramiko.transport,DEBUG] [chan 3] EOF sent (3)
[2014-10-27 09:40:14.729,paramiko.transport,DEBUG] [chan 4] Sesch channel 4 request ok
[2014-10-27 09:40:14.729,paramiko.transport,DEBUG] [chan 5] Max packet in: 32768 bytes
[2014-10-27 09:40:14.730,paramiko.transport,DEBUG] [chan 4] EOF sent (4)
[2014-10-27 09:40:14.730,paramiko.transport,DEBUG] [chan 4] Max packet out: 32768 bytes
[2014-10-27 09:40:14.730,paramiko.transport,DEBUG] Secsh channel 4 opened.
[2014-10-27 09:40:14.730,paramiko.transport,DEBUG] Ignoring message for dead channel 3
[2014-10-27 09:40:14.731,paramiko.transport,DEBUG] Ignoring message for dead channel 3
[2014-10-27 09:40:14.731,paramiko.transport,DEBUG] Ignoring message for dead channel 3
[2014-10-27 09:40:14.732,paramiko.transport,DEBUG] [chan 5] Max packet out: 32768 bytes
[2014-10-27 09:40:14.732,paramiko.transport,DEBUG] Secsh channel 5 opened.
[2014-10-27 09:40:14.732,paramiko.transport,DEBUG] [chan 3] EOF received (3)
[2014-10-27 09:40:14.733,paramiko.transport,DEBUG] [chan 3] EOF sent (3)
[2014-10-27 09:40:14.734,paramiko.transport,DEBUG] [chan 5] Sesch channel 5 request ok
[2014-10-27 09:40:14.735,paramiko.transport,DEBUG] [chan 5] EOF sent (5)
[2014-10-27 09:40:14.735,paramiko.transport,DEBUG] [chan 4] Sesch channel 4 request ok
[2014-10-27 09:40:14.735,paramiko.transport,DEBUG] Ignoring message for dead channel 4
[2014-10-27 09:40:14.736,paramiko.transport,DEBUG] [chan 5] Max packet in: 32768 bytes
[2014-10-27 09:40:14.736,paramiko.transport,DEBUG] Ignoring message for dead channel 4
[2014-10-27 09:40:14.736,paramiko.transport,DEBUG] [chan 5] Max packet out: 32768 bytes
[2014-10-27 09:40:14.737,paramiko.transport,DEBUG] Secsh channel 5 opened.
[2014-10-27 09:40:14.737,paramiko.transport,DEBUG] [chan 4] EOF received (4)
[2014-10-27 09:40:14.738,paramiko.transport,DEBUG] [chan 4] EOF sent (4)
[2014-10-27 09:40:14.738,paramiko.transport,DEBUG] [chan 5] Sesch channel 5 request ok
[2014-10-27 09:40:14.739,paramiko.transport,DEBUG] Ignoring message for dead channel 5
[2014-10-27 09:40:14.739,paramiko.transport,DEBUG] Ignoring message for dead channel 5
[2014-10-27 09:40:14.741,paramiko.transport,DEBUG] [chan 5] EOF received (5)
[2014-10-27 09:40:14.742,paramiko.transport,DEBUG] [chan 5] EOF sent (5)
[2014-10-27 09:40:19.771,paramiko.transport,DEBUG] EOF in transport thread
[2014-10-27 09:40:19.793,paramiko.transport,DEBUG] EOF in transport thread
[2014-10-27 09:40:19.793,paramiko.transport,DEBUG] EOF in transport thread
